INFO: [VRFC 10-163] Analyzing VHDL file "C:/Users/danie/OneDrive/MSI P65 Creator 8RE/Documentos/4_Carrera/TFG/Vivado2/HTDI20/HTDI20.sim/sim_1/synth/func/xsim/HTDI_SIMU_func_synth.vhd" into library xil_defaultlib
INFO: [VRFC 10-3107] analyzing entity 'Contador_Zona'
INFO: [VRFC 10-3107] analyzing entity 'Control_senal_INT'
INFO: [VRFC 10-3107] analyzing entity 'Registro_16_bits'
INFO: [VRFC 10-3107] analyzing entity 'Registro_16_bits_10'
INFO: [VRFC 10-3107] analyzing entity 'Registro_8_bits'
INFO: [VRFC 10-3107] analyzing entity 'Registro_8_bits_18'
INFO: [VRFC 10-3107] analyzing entity 'Registro_8_bits_8'
INFO: [VRFC 10-3107] analyzing entity 'Registro_8_bits_9'
INFO: [VRFC 10-3107] analyzing entity 'Registro_Auxiliar_8bits'
INFO: [VRFC 10-3107] analyzing entity 'Registro_Auxiliar_8bits_0'
INFO: [VRFC 10-3107] analyzing entity 'Registro_Auxiliar_8bits_1'
INFO: [VRFC 10-3107] analyzing entity 'Registro_Auxiliar_8bits_2'
INFO: [VRFC 10-3107] analyzing entity 'Registro_Auxiliar_8bits_3'
INFO: [VRFC 10-3107] analyzing entity 'Registro_Auxiliar_8bits_4'
INFO: [VRFC 10-3107] analyzing entity 'Registro_Contador_16bits_CargaSincrona'
INFO: [VRFC 10-3107] analyzing entity 'Registro_Contador_16bits_CargaSincrona_11'
INFO: [VRFC 10-3107] analyzing entity 'Registro_Contador_16bits_CargaSincrona_5'
INFO: [VRFC 10-3107] analyzing entity 'Registro_Contador_16bits_CargaSincrona_6'
INFO: [VRFC 10-3107] analyzing entity 'Registro_Contador_16bits_CargaSincrona_7'
INFO: [VRFC 10-3107] analyzing entity 'Registro_Direcciones_AR'
INFO: [VRFC 10-3107] analyzing entity 'Registro_IVEC'
INFO: [VRFC 10-3107] analyzing entity 'Registro_Instruccion'
INFO: [VRFC 10-3107] analyzing entity 'Registros'
INFO: [VRFC 10-3107] analyzing entity 'Registros_12'
INFO: [VRFC 10-3107] analyzing entity 'Registros_13'
INFO: [VRFC 10-3107] analyzing entity 'Registros_14'
INFO: [VRFC 10-3107] analyzing entity 'Registros_15'
INFO: [VRFC 10-3107] analyzing entity 'Registros_16'
INFO: [VRFC 10-3107] analyzing entity 'Secuencial_SUC'
INFO: [VRFC 10-3107] analyzing entity 'Sincronizacion_BREQ'
INFO: [VRFC 10-3107] analyzing entity 'Tiempos_Espera_6_10'
INFO: [VRFC 10-3107] analyzing entity 'Unidad_Logica_Aritmetica'
INFO: [VRFC 10-3107] analyzing entity 'ZERO_Y_CARRY'
INFO: [VRFC 10-3107] analyzing entity 'ZERO_Y_CARRY_17'
INFO: [VRFC 10-3107] analyzing entity 'dist_mem_gen_0_rom'
INFO: [VRFC 10-3107] analyzing entity 'PSW'
INFO: [VRFC 10-3107] analyzing entity 'Registro_de_Datos'
INFO: [VRFC 10-3107] analyzing entity 'Selector_Zona'
INFO: [VRFC 10-3107] analyzing entity 'Sincronizacion_Senal_BREQ'
INFO: [VRFC 10-3107] analyzing entity 'dist_mem_gen_0_dist_mem_gen_v8_0_13_synth'
INFO: [VRFC 10-3107] analyzing entity 'Arquitectura_Fisica'
INFO: [VRFC 10-3107] analyzing entity 'dist_mem_gen_0_dist_mem_gen_v8_0_13'
INFO: [VRFC 10-3107] analyzing entity 'dist_mem_gen_0'
INFO: [VRFC 10-3107] analyzing entity 'Memory'
INFO: [VRFC 10-3107] analyzing entity 'Unidad_Microprogramas'
INFO: [VRFC 10-3107] analyzing entity 'Unidad_Control'
INFO: [VRFC 10-3107] analyzing entity 'HTDI20'
INFO: [VRFC 10-163] Analyzing VHDL file "C:/Users/danie/OneDrive/MSI P65 Creator 8RE/Documentos/4_Carrera/TFG/Vivado2/HTDI20/HTDI20.srcs/sim_1/new/HTDI_SIMU.vhd" into library xil_defaultlib
INFO: [VRFC 10-3107] analyzing entity 'HTDI_SIMU'
ERROR: [VRFC 10-3095] actual of formal inout port 'lcb' cannot be an expression [C:/Users/danie/OneDrive/MSI P65 Creator 8RE/Documentos/4_Carrera/TFG/Vivado2/HTDI20/HTDI20.srcs/sim_1/new/HTDI_SIMU.vhd:55]
WARNING: [VRFC 10-3093] actual for formal port 'lcb' is neither a static name nor a globally static expression [C:/Users/danie/OneDrive/MSI P65 Creator 8RE/Documentos/4_Carrera/TFG/Vivado2/HTDI20/HTDI20.srcs/sim_1/new/HTDI_SIMU.vhd:55]
ERROR: [VRFC 10-3782] unit 'behavioral' ignored due to previous errors [C:/Users/danie/OneDrive/MSI P65 Creator 8RE/Documentos/4_Carrera/TFG/Vivado2/HTDI20/HTDI20.srcs/sim_1/new/HTDI_SIMU.vhd:38]
INFO: [VRFC 10-3070] VHDL file 'C:/Users/danie/OneDrive/MSI P65 Creator 8RE/Documentos/4_Carrera/TFG/Vivado2/HTDI20/HTDI20.srcs/sim_1/new/HTDI_SIMU.vhd' ignored due to errors
