#-----------------------------------------------------------
# Vivado v2021.1 (64-bit)
# SW Build 3247384 on Thu Jun 10 19:36:33 MDT 2021
# IP Build 3246043 on Fri Jun 11 00:30:35 MDT 2021
# Start of session at: Mon Oct  2 14:11:35 2023
# Process ID: 16652
# Current directory: C:/Users/danie/OneDrive/MSI P65 Creator 8RE/Documentos/4_Carrera/TFG/Vivado2/HTDI20
# Command line: vivado.exe -gui_launcher_event rodinguilauncherevent23108 C:\Users\danie\OneDrive\MSI P65 Creator 8RE\Documentos\4_Carrera\TFG\Vivado2\HTDI20\HTDI20.xpr
# Log file: C:/Users/danie/OneDrive/MSI P65 Creator 8RE/Documentos/4_Carrera/TFG/Vivado2/HTDI20/vivado.log
# Journal file: C:/Users/danie/OneDrive/MSI P65 Creator 8RE/Documentos/4_Carrera/TFG/Vivado2/HTDI20\vivado.jou
#-----------------------------------------------------------
start_gui
open_project {C:/Users/danie/OneDrive/MSI P65 Creator 8RE/Documentos/4_Carrera/TFG/Vivado2/HTDI20/HTDI20.xpr}
INFO: [ProjectBase 1-489] The host OS only allows 260 characters in a normal path. The project is stored in a path with more than 80 characters. If you experience issues with IP, Block Designs, or files not being found, please consider moving the project to a location with a shorter path. Alternately consider using the OS subst command to map part of the path to a drive letter.
Current project path is 'C:/Users/danie/OneDrive/MSI P65 Creator 8RE/Documentos/4_Carrera/TFG/Vivado2/HTDI20'
WARNING: [filemgmt 56-3] Default IP Output Path : Could not find the directory 'C:/Users/danie/OneDrive/MSI P65 Creator 8RE/Documentos/4_Carrera/TFG/Vivado2/HTDI20/HTDI20.gen/sources_1'.
Scanning sources...
Finished scanning sources
WARNING: [Project 1-509] GeneratedRun file for 'dist_mem_gen_0_synth_1' not found
INFO: [IP_Flow 19-234] Refreshing IP repositories
INFO: [IP_Flow 19-1704] No user IP repositories specified
INFO: [IP_Flow 19-2313] Loaded Vivado IP repository 'C:/Xilinx/Vivado/2021.1/data/ip'.
WARNING: [IP_Flow 19-3664] IP 'dist_mem_gen_0' generated file not found 'c:/Users/danie/OneDrive/MSI P65 Creator 8RE/Documentos/4_Carrera/TFG/Vivado2/Unidad_Control/Unidad_Microprograma/Unidad_Microprograma.gen/sources_1/ip/dist_mem_gen_0/dist_mem_gen_0.dcp'. Please regenerate to continue.
WARNING: [IP_Flow 19-3664] IP 'dist_mem_gen_0' generated file not found 'c:/Users/danie/OneDrive/MSI P65 Creator 8RE/Documentos/4_Carrera/TFG/Vivado2/Unidad_Control/Unidad_Microprograma/Unidad_Microprograma.gen/sources_1/ip/dist_mem_gen_0/dist_mem_gen_0_stub.v'. Please regenerate to continue.
WARNING: [IP_Flow 19-3664] IP 'dist_mem_gen_0' generated file not found 'c:/Users/danie/OneDrive/MSI P65 Creator 8RE/Documentos/4_Carrera/TFG/Vivado2/Unidad_Control/Unidad_Microprograma/Unidad_Microprograma.gen/sources_1/ip/dist_mem_gen_0/dist_mem_gen_0_stub.vhdl'. Please regenerate to continue.
WARNING: [IP_Flow 19-3664] IP 'dist_mem_gen_0' generated file not found 'c:/Users/danie/OneDrive/MSI P65 Creator 8RE/Documentos/4_Carrera/TFG/Vivado2/Unidad_Control/Unidad_Microprograma/Unidad_Microprograma.gen/sources_1/ip/dist_mem_gen_0/dist_mem_gen_0_sim_netlist.v'. Please regenerate to continue.
WARNING: [IP_Flow 19-3664] IP 'dist_mem_gen_0' generated file not found 'c:/Users/danie/OneDrive/MSI P65 Creator 8RE/Documentos/4_Carrera/TFG/Vivado2/Unidad_Control/Unidad_Microprograma/Unidad_Microprograma.gen/sources_1/ip/dist_mem_gen_0/dist_mem_gen_0_sim_netlist.vhdl'. Please regenerate to continue.
open_project: Time (s): cpu = 00:00:14 ; elapsed = 00:00:12 . Memory (MB): peak = 1117.676 ; gain = 0.000
update_compile_order -fileset sources_1gexit
INFO: [Common 17-206] Exiting Vivado at Mon Oct  2 14:25:11 2023...
8RE/Documentos/4_Carrera/TFG/Vivado2/Unidad_Control/Unidad_Microprograma/Unidad_Microprograma.srcs/sources_1/ip/dist_mem_gen_0/dist_mem_gen_0.xci}}]
catch { config_ip_cache -export [get_ips -all dist_mem_gen_0] }
export_ip_user_files -of_objects [get_files {{C:/Users/danie/OneDrive/MSI P65 Creator 8RE/Documentos/4_Carrera/TFG/Vivado2/Unidad_Control/Unidad_Microprograma/Unidad_Microprograma.srcs/sources_1/ip/dist_mem_gen_0/dist_mem_gen_0.xci}}] -no_script -sync -force -quiet
launch_runs dist_mem_gen_0_synth_1 -jobs 10
[Mon Oct  2 14:12:29 2023] Launched dist_mem_gen_0_synth_1...
Run output will be captured here: C:/Users/danie/OneDrive/MSI P65 Creator 8RE/Documentos/4_Carrera/TFG/Vivado2/HTDI20/HTDI20.runs/dist_mem_gen_0_synth_1/runme.log
