#-----------------------------------------------------------
# Vivado v2021.1 (64-bit)
# SW Build 3247384 on Thu Jun 10 19:36:33 MDT 2021
# IP Build 3246043 on Fri Jun 11 00:30:35 MDT 2021
# Start of session at: Mon Oct  2 14:39:13 2023
# Process ID: 13736
# Current directory: C:/Users/danie/OneDrive/MSI P65 Creator 8RE/Documentos/4_Carrera/TFG/Vivado2/HTDI20
# Command line: vivado.exe -gui_launcher_event rodinguilauncherevent1408 C:\Users\danie\OneDrive\MSI P65 Creator 8RE\Documentos\4_Carrera\TFG\Vivado2\HTDI20\HTDI20.xpr
# Log file: C:/Users/danie/OneDrive/MSI P65 Creator 8RE/Documentos/4_Carrera/TFG/Vivado2/HTDI20/vivado.log
# Journal file: C:/Users/danie/OneDrive/MSI P65 Creator 8RE/Documentos/4_Carrera/TFG/Vivado2/HTDI20\vivado.jou
#-----------------------------------------------------------
start_gui
open_project {C:/Users/danie/OneDrive/MSI P65 Creator 8RE/Documentos/4_Carrera/TFG/Vivado2/HTDI20/HTDI20.xpr}
INFO: [ProjectBase 1-489] The host OS only allows 260 characters in a normal path. The project is stored in a path with more than 80 characters. If you experience issues with IP, Block Designs, or files not being found, please consider moving the project to a location with a shorter path. Alternately consider using the OS subst command to map part of the path to a drive letter.
Current project path is 'C:/Users/danie/OneDrive/MSI P65 Creator 8RE/Documentos/4_Carrera/TFG/Vivado2/HTDI20'
WARNING: [filemgmt 56-3] Default IP Output Path : Could not find the directory 'C:/Users/danie/OneDrive/MSI P65 Creator 8RE/Documentos/4_Carrera/TFG/Vivado2/HTDI20/HTDI20.gen/sources_1'.
Scanning sources...
Finished scanning sources
WARNING: [Project 1-509] GeneratedRun file for 'dist_mem_gen_0_synth_1' not found
INFO: [IP_Flow 19-234] Refreshing IP repositories
INFO: [IP_Flow 19-1704] No user IP repositories specified
INFO: [IP_Flow 19-2313] Loaded Vivado IP repository 'C:/Xilinx/Vivado/2021.1/data/ip'.
WARNING: [IP_Flow 19-3664] IP 'dist_mem_gen_0' generated file not found 'c:/Users/danie/OneDrive/MSI P65 Creator 8RE/Documentos/4_Carrera/TFG/Vivado2/Unidad_Control/Unidad_Microprograma/Unidad_Microprograma.gen/sources_1/ip/dist_mem_gen_0/dist_mem_gen_0.dcp'. Please regenerate to continue.
WARNING: [IP_Flow 19-3664] IP 'dist_mem_gen_0' generated file not found 'c:/Users/danie/OneDrive/MSI P65 Creator 8RE/Documentos/4_Carrera/TFG/Vivado2/Unidad_Control/Unidad_Microprograma/Unidad_Microprograma.gen/sources_1/ip/dist_mem_gen_0/dist_mem_gen_0_stub.v'. Please regenerate to continue.
WARNING: [IP_Flow 19-3664] IP 'dist_mem_gen_0' generated file not found 'c:/Users/danie/OneDrive/MSI P65 Creator 8RE/Documentos/4_Carrera/TFG/Vivado2/Unidad_Control/Unidad_Microprograma/Unidad_Microprograma.gen/sources_1/ip/dist_mem_gen_0/dist_mem_gen_0_stub.vhdl'. Please regenerate to continue.
WARNING: [IP_Flow 19-3664] IP 'dist_mem_gen_0' generated file not found 'c:/Users/danie/OneDrive/MSI P65 Creator 8RE/Documentos/4_Carrera/TFG/Vivado2/Unidad_Control/Unidad_Microprograma/Unidad_Microprograma.gen/sources_1/ip/dist_mem_gen_0/dist_mem_gen_0_sim_netlist.v'. Please regenerate to continue.
WARNING: [IP_Flow 19-3664] IP 'dist_mem_gen_0' generated file not found 'c:/Users/danie/OneDrive/MSI P65 Creator 8RE/Documentos/4_Carrera/TFG/Vivado2/Unidad_Control/Unidad_Microprograma/Unidad_Microprograma.gen/sources_1/ip/dist_mem_gen_0/dist_mem_gen_0_sim_netlist.vhdl'. Please regenerate to continue.
open_project: Time (s): cpu = 00:00:10 ; elapsed = 00:00:08 . Memory (MB): peak = 1444.137 ; gain = 0.000
update_compile_order -fileset sources_1
set_property -dict [list CONFIG.coefficient_file {C:/Users/danie/OneDrive/MSI P65 Creator 8RE/Documentos/4_Carrera/TFG/Vivado2/HTDI20/Datos_Memoria.coe}] [get_ips dist_mem_gen_0]
INFO: [IP_Flow 19-3484] Absolute path of file 'c:/Users/danie/OneDrive/MSI P65 Creator 8RE/Documentos/4_Carrera/TFG/Vivado2/HTDI20/Datos_Memoria.coe' provided. It will be converted relative to IP Instance files '../../../../../../HTDI20/Datos_Memoria.coe'
generate_target all [get_files  {{C:/Users/danie/OneDrive/MSI P65 Creator 8RE/Documentos/4_Carrera/TFG/Vivado2/Unidad_Control/Unidad_Microprograma/Unidad_Microprograma.srcs/sources_1/ip/dist_mem_gen_0/dist_mem_gen_0.xci}}]
INFO: [IP_Flow 19-1686] Generating 'Instantiation Template' target for IP 'dist_mem_gen_0'...
INFO: [IP_Flow 19-1686] Generating 'Synthesis' target for IP 'dist_mem_gen_0'...
INFO: [IP_Flow 19-1686] Generating 'Simulation' target for IP 'dist_mem_gen_0'...
INFO: [IP_Flow 19-1686] Generating 'Change Log' target for IP 'dist_mem_gen_0'...
generate_target: Time (s): cpu = 00:00:11 ; elapsed = 00:00:12 . Memory (MB): peak = 1444.137 ; gain = 0.000
catch { config_ip_cache -export [get_ips -all dist_mem_gen_0] }
export_ip_user_files -of_objects [get_files {{C:/Users/danie/OneDrive/MSI P65 Creator 8RE/Documentos/4_Carrera/TFG/Vivado2/Unidad_Control/Unidad_Microprograma/Unidad_Microprograma.srcs/sources_1/ip/dist_mem_gen_0/dist_mem_gen_0.xci}}] -no_script -sync -force -quiet
launch_runs dist_mem_gen_0_synth_1 -jobs 10
[Mon Oct  2 15:16:31 2023] Launched dist_mem_gen_0_synth_1...
Run output will be captured here: C:/Users/danie/OneDrive/MSI P65 Creator 8RE/Documentos/4_Carrera/TFG/Vivado2/HTDI20/HTDI20.runs/dist_mem_gen_0_synth_1/runme.log
launch_runs: Time (s): cpu = 00:00:00 ; elapsed = 00:00:05 . Memory (MB): peak = 1444.137 ; gain = 0.000
INFO: [Vivado 12-4357] Exporting simulation files for 'dist_mem_gen_0'... please wait for 'dist_mem_gen_0_synth_1' run to finish...
wait_on_run dist_mem_gen_0_synth_1
[Mon Oct  2 15:16:31 2023] Waiting for dist_mem_gen_0_synth_1 to finish...
[Mon Oct  2 15:16:36 2023] Waiting for dist_mem_gen_0_synth_1 to finish...
[Mon Oct  2 15:16:41 2023] Waiting for dist_mem_gen_0_synth_1 to finish...
[Mon Oct  2 15:16:46 2023] Waiting for dist_mem_gen_0_synth_1 to finish...
[Mon Oct  2 15:16:56 2023] Waiting for dist_mem_gen_0_synth_1 to finish...
[Mon Oct  2 15:17:07 2023] Waiting for dist_mem_gen_0_synth_1 to finish...
[Mon Oct  2 15:17:17 2023] Waiting for dist_mem_gen_0_synth_1 to finish...
[Mon Oct  2 15:17:27 2023] Waiting for dist_mem_gen_0_synth_1 to finish...
[Mon Oct  2 15:17:47 2023] Waiting for dist_mem_gen_0_synth_1 to finish...
[Mon Oct  2 15:18:07 2023] Waiting for dist_mem_gen_0_synth_1 to finish...
[Mon Oct  2 15:18:27 2023] Waiting for dist_mem_gen_0_synth_1 to finish...
[Mon Oct  2 15:18:47 2023] Waiting for dist_mem_gen_0_synth_1 to finish...
[Mon Oct  2 15:19:27 2023] Waiting for dist_mem_gen_0_synth_1 to finish...
[Mon Oct  2 15:20:07 2023] Waiting for dist_mem_gen_0_synth_1 to finish...
[Mon Oct  2 15:20:47 2023] Waiting for dist_mem_gen_0_synth_1 to finish...
[Mon Oct  2 15:21:27 2023] Waiting for dist_mem_gen_0_synth_1 to finish...
[Mon Oct  2 15:22:47 2023] Waiting for dist_mem_gen_0_synth_1 to finish...
[Mon Oct  2 15:24:07 2023] Waiting for dist_mem_gen_0_synth_1 to finish...
[Mon Oct  2 15:25:27 2023] Waiting for dist_mem_gen_0_synth_1 to finish...
[Mon Oct  2 15:26:47 2023] Waiting for dist_mem_gen_0_synth_1 to finish...
[Mon Oct  2 15:29:28 2023] Waiting for dist_mem_gen_0_synth_1 to finish...
[Mon Oct  2 15:32:08 2023] Waiting for dist_mem_gen_0_synth_1 to finish...
[Mon Oct  2 15:34:48 2023] Waiting for dist_mem_gen_0_synth_1 to finish...
[Mon Oct  2 15:37:28 2023] Waiting for dist_mem_gen_0_synth_1 to finish...
[Mon Oct  2 15:42:49 2023] Waiting for dist_mem_gen_0_synth_1 to finish...
[Mon Oct  2 15:48:09 2023] Waiting for dist_mem_gen_0_synth_1 to finish...
[Mon Oct  2 15:53:30 2023] Waiting for dist_mem_gen_0_synth_1 to finish...
[Mon Oct  2 15:58:50 2023] Waiting for dist_mem_gen_0_synth_1 to finish...
[Mon Oct  2 16:09:32 2023] Waiting for dist_mem_gen_0_synth_1 to finish...
[Mon Oct  2 16:20:13 2023] Waiting for dist_mem_gen_0_synth_1 to finish...
[Mon Oct  2 16:30:54 2023] Waiting for dist_mem_gen_0_synth_1 to finish...
[Mon Oct  2 16:41:35 2023] Waiting for dist_mem_gen_0_synth_1 to finish...
[Mon Oct  2 17:02:58 2023] Waiting for dist_mem_gen_0_synth_1 to finish...
[Mon Oct  2 17:24:20 2023] Waiting for dist_mem_gen_0_synth_1 to finish...
[Mon Oct  2 17:45:42 2023] Waiting for dist_mem_gen_0_synth_1 to finish...
[Mon Oct  2 18:13:02 2023] Waiting for dist_mem_gen_0_synth_1 to finish...
[Mon Oct  2 19:01:03 2023] Waiting for dist_mem_gen_0_synth_1 to finish...
[Mon Oct  2 19:43:45 2023] Waiting for dist_mem_gen_0_synth_1 to finish...
[Mon Oct  2 21:02:29 2023] Waiting for dist_mem_gen_0_synth_1 to finish...
[Mon Oct  2 22:08:55 2023] Waiting for dist_mem_gen_0_synth_1 to finish...
INFO: [Common 17-41] Interrupt caught. Command should exit soon.
[Mon Oct  2 22:54:13 2023] Interrupt received

*** Running vivado
    with args -log dist_mem_gen_0.vds -m64 -product Vivado -mode batch -messageDb vivado.pb -notrace -source dist_mem_gen_0.tcl



****** Vivado v2021.1 (64-bit)
  **** SW Build 3247384 on Thu Jun 10 19:36:33 MDT 2021
  **** IP Build 3246043 on Fri Jun 11 00:30:35 MDT 2021
    ** Copyright 1986-2021 Xilinx, Inc. All Rights Reserved.

source dist_mem_gen_0.tcl -notrace
Command: synth_design -top dist_mem_gen_0 -part xc7a35tcpg236-1 -mode out_of_context
Starting synth_design
Attempting to get a license for feature 'Synthesis' and/or device 'xc7a35t'
INFO: [Common 17-349] Got license for feature 'Synthesis' and/or device 'xc7a35t'
INFO: [Device 21-403] Loading part xc7a35tcpg236-1
INFO: [Synth 8-7079] Multithreading enabled for synth_design using a maximum of 2 processes.
INFO: [Synth 8-7078] Launching helper process for spawning children vivado processes
INFO: [Synth 8-7075] Helper process launched with PID 12172
---------------------------------------------------------------------------------
Starting RTL Elaboration : Time (s): cpu = 00:00:04 ; elapsed = 00:00:05 . Memory (MB): peak = 1127.051 ; gain = 0.000
---------------------------------------------------------------------------------
INFO: [Synth 8-638] synthesizing module 'dist_mem_gen_0' [c:/Users/danie/OneDrive/MSI P65 Creator 8RE/Documentos/4_Carrera/TFG/Vivado2/Unidad_Control/Unidad_Microprograma/Unidad_Microprograma.gen/sources_1/ip/dist_mem_gen_0/synth/dist_mem_gen_0.vhd:66]
	Parameter C_FAMILY bound to: artix7 - type: string 
	Parameter C_ADDR_WIDTH bound to: 16 - type: integer 
	Parameter C_DEFAULT_DATA bound to: 0 - type: string 
	Parameter C_DEPTH bound to: 65536 - type: integer 
	Parameter C_HAS_CLK bound to: 0 - type: integer 
	Parameter C_HAS_D bound to: 0 - type: integer 
	Parameter C_HAS_DPO bound to: 0 - type: integer 
	Parameter C_HAS_DPRA bound to: 0 - type: integer 
	Parameter C_HAS_I_CE bound to: 0 - type: integer 
	Parameter C_HAS_QDPO bound to: 0 - type: integer 
	Parameter C_HAS_QDPO_CE bound to: 0 - type: integer 
	Parameter C_HAS_QDPO_CLK bound to: 0 - type: integer 
	Parameter C_HAS_QDPO_RST bound to: 0 - type: integer 
	Parameter C_HAS_QDPO_SRST bound to: 0 - type: integer 
	Parameter C_HAS_QSPO bound to: 0 - type: integer 
	Parameter C_HAS_QSPO_CE bound to: 0 - type: integer 
	Parameter C_HAS_QSPO_RST bound to: 0 - type: integer 
	Parameter C_HAS_QSPO_SRST bound to: 0 - type: integer 
	Parameter C_HAS_SPO bound to: 1 - type: integer 
	Parameter C_HAS_WE bound to: 0 - type: integer 
	Parameter C_MEM_INIT_FILE bound to: dist_mem_gen_0.mif - type: string 
	Parameter C_ELABORATION_DIR bound to: ./ - type: string 
	Parameter C_MEM_TYPE bound to: 0 - type: integer 
	Parameter C_PIPELINE_STAGES bound to: 0 - type: integer 
	Parameter C_QCE_JOINED bound to: 0 - type: integer 
	Parameter C_QUALIFY_WE bound to: 0 - type: integer 
	Parameter C_READ_MIF bound to: 1 - type: integer 
	Parameter C_REG_A_D_INPUTS bound to: 0 - type: integer 
	Parameter C_REG_DPRA_INPUT bound to: 0 - type: integer 
	Parameter C_SYNC_ENABLE bound to: 1 - type: integer 
	Parameter C_WIDTH bound to: 96 - type: integer 
	Parameter C_PARSER_TYPE bound to: 1 - type: integer 
INFO: [Synth 8-3491] module 'dist_mem_gen_v8_0_13' declared at 'c:/Users/danie/OneDrive/MSI P65 Creator 8RE/Documentos/4_Carrera/TFG/Vivado2/Unidad_Control/Unidad_Microprograma/Unidad_Microprograma.gen/sources_1/ip/dist_mem_gen_0/hdl/dist_mem_gen_v8_0_vhsyn_rfs.vhd:3237' bound to instance 'U0' of component 'dist_mem_gen_v8_0_13' [c:/Users/danie/OneDrive/MSI P65 Creator 8RE/Documentos/4_Carrera/TFG/Vivado2/Unidad_Control/Unidad_Microprograma/Unidad_Microprograma.gen/sources_1/ip/dist_mem_gen_0/synth/dist_mem_gen_0.vhd:132]
wait_on_run: Time (s): cpu = 00:01:35 ; elapsed = 07:37:53 . Memory (MB): peak = 1444.137 ; gain = 0.000
INFO: [Common 17-344] 'wait_on_run' was cancelled
reset_run dist_mem_gen_0_synth_1
WARNING: [Vivado 12-1017] Problems encountered:
1. Failed to delete one or more files in run directory C:/Users/danie/OneDrive/MSI P65 Creator 8RE/Documentos/4_Carrera/TFG/Vivado2/HTDI20/HTDI20.runs/dist_mem_gen_0_synth_1

generate_target all [get_files  {{C:/Users/danie/OneDrive/MSI P65 Creator 8RE/Documentos/4_Carrera/TFG/Vivado2/Unidad_Control/Unidad_Microprograma/Unidad_Microprograma.srcs/sources_1/ip/dist_mem_gen_0/dist_mem_gen_0.xci}}]
catch { config_ip_cache -export [get_ips -all dist_mem_gen_0] }
export_ip_user_files -of_objects [get_files {{C:/Users/danie/OneDrive/MSI P65 Creator 8RE/Documentos/4_Carrera/TFG/Vivado2/Unidad_Control/Unidad_Microprograma/Unidad_Microprograma.srcs/sources_1/ip/dist_mem_gen_0/dist_mem_gen_0.xci}}] -no_script -sync -force -quiet
launch_runs dist_mem_gen_0_synth_1 -jobs 10
[Mon Oct  2 22:56:48 2023] Launched dist_mem_gen_0_synth_1...
Run output will be captured here: C:/Users/danie/OneDrive/MSI P65 Creator 8RE/Documentos/4_Carrera/TFG/Vivado2/HTDI20/HTDI20.runs/dist_mem_gen_0_synth_1/runme.log
INFO: [Vivado 12-4357] Exporting simulation files for 'dist_mem_gen_0'... please wait for 'dist_mem_gen_0_synth_1' run to finish...
wait_on_run dist_mem_gen_0_synth_1
[Mon Oct  2 22:56:48 2023] Waiting for dist_mem_gen_0_synth_1 to finish...
[Mon Oct  2 22:56:53 2023] Waiting for dist_mem_gen_0_synth_1 to finish...
[Mon Oct  2 22:56:58 2023] Waiting for dist_mem_gen_0_synth_1 to finish...
[Mon Oct  2 22:57:03 2023] Waiting for dist_mem_gen_0_synth_1 to finish...
[Mon Oct  2 22:57:13 2023] Waiting for dist_mem_gen_0_synth_1 to finish...
[Mon Oct  2 22:57:23 2023] Waiting for dist_mem_gen_0_synth_1 to finish...
[Mon Oct  2 22:57:33 2023] Waiting for dist_mem_gen_0_synth_1 to finish...
[Mon Oct  2 22:57:43 2023] Waiting for dist_mem_gen_0_synth_1 to finish...
[Mon Oct  2 22:58:03 2023] Waiting for dist_mem_gen_0_synth_1 to finish...
[Mon Oct  2 22:58:23 2023] Waiting for dist_mem_gen_0_synth_1 to finish...
[Mon Oct  2 22:58:43 2023] Waiting for dist_mem_gen_0_synth_1 to finish...
[Mon Oct  2 22:59:04 2023] Waiting for dist_mem_gen_0_synth_1 to finish...
[Mon Oct  2 22:59:44 2023] Waiting for dist_mem_gen_0_synth_1 to finish...
[Mon Oct  2 23:00:24 2023] Waiting for dist_mem_gen_0_synth_1 to finish...
[Mon Oct  2 23:01:04 2023] Waiting for dist_mem_gen_0_synth_1 to finish...
[Mon Oct  2 23:01:44 2023] Waiting for dist_mem_gen_0_synth_1 to finish...
[Mon Oct  2 23:03:04 2023] Waiting for dist_mem_gen_0_synth_1 to finish...
[Mon Oct  2 23:04:24 2023] Waiting for dist_mem_gen_0_synth_1 to finish...
